<?xml version="1.0" encoding="UTF-8"?>
<!-- Generated by org.testng.reporters.JUnitReportReporter -->
<testsuite skipped="0" hostname="US-IT01155.local" name="neonTests.Test_1002" tests="1" failures="0" timestamp="2020-03-31T14:17:53 EDT" time="35.203" errors="0">
  <testcase name="validateOpenUrl" time="35.203" classname="neonTests.Test_1002"/>
  <system-out/>
</testsuite> <!-- neonTests.Test_1002 -->
