<?xml version="1.0" encoding="UTF-8"?>
<!-- Generated by org.testng.reporters.JUnitReportReporter -->
<testsuite skipped="0" hostname="US-IT01155.local" name="neonTests.Test_1001" tests="1" failures="0" timestamp="2020-03-31T14:17:58 EDT" time="19.494" errors="0">
  <testcase name="googleSearch" time="19.494" classname="neonTests.Test_1001"/>
  <system-out/>
</testsuite> <!-- neonTests.Test_1001 -->
